<?xml version="1.0" encoding="UTF-8"?>
<testng-results skipped="0" failed="0" ignored="0" total="5" passed="5">
  <reporter-output>
  </reporter-output>
  <suite name="Default suite" duration-ms="56" started-at="2019-11-09T08:31:51 SGT" finished-at="2019-11-09T08:31:51 SGT">
    <groups>
    </groups>
    <test name="Default test" duration-ms="56" started-at="2019-11-09T08:31:51 SGT" finished-at="2019-11-09T08:31:51 SGT">
      <class name="com.test.InvocationCountTest">
        <test-method status="PASS" signature="sum()[pri:0, instance:com.test.InvocationCountTest@6fc6f14e]" name="sum" duration-ms="9" started-at="2019-11-09T08:31:51 SGT" finished-at="2019-11-09T08:31:51 SGT">
          <reporter-output>
          </reporter-output>
        </test-method> <!-- sum -->
        <test-method status="PASS" signature="sum()[pri:0, instance:com.test.InvocationCountTest@6fc6f14e]" name="sum" duration-ms="1" started-at="2019-11-09T08:31:51 SGT" finished-at="2019-11-09T08:31:51 SGT">
          <reporter-output>
          </reporter-output>
        </test-method> <!-- sum -->
        <test-method status="PASS" signature="sum()[pri:0, instance:com.test.InvocationCountTest@6fc6f14e]" name="sum" duration-ms="1" started-at="2019-11-09T08:31:51 SGT" finished-at="2019-11-09T08:31:51 SGT">
          <reporter-output>
          </reporter-output>
        </test-method> <!-- sum -->
        <test-method status="PASS" signature="sum()[pri:0, instance:com.test.InvocationCountTest@6fc6f14e]" name="sum" duration-ms="2" started-at="2019-11-09T08:31:51 SGT" finished-at="2019-11-09T08:31:51 SGT">
          <reporter-output>
          </reporter-output>
        </test-method> <!-- sum -->
        <test-method status="PASS" signature="sum()[pri:0, instance:com.test.InvocationCountTest@6fc6f14e]" name="sum" duration-ms="1" started-at="2019-11-09T08:31:51 SGT" finished-at="2019-11-09T08:31:51 SGT">
          <reporter-output>
          </reporter-output>
        </test-method> <!-- sum -->
      </class> <!-- com.test.InvocationCountTest -->
    </test> <!-- Default test -->
  </suite> <!-- Default suite -->
</testng-results>
